<?xml version="1.0" encoding="UTF-8"?>
<!-- Generated by org.testng.reporters.JUnitReportReporter -->
<testsuite hostname="Neuromancer2" failures="0" tests="1" name="tests.DemoTest" time="9.755" errors="0" timestamp="2021-02-04T21:39:13 CET" skipped="0">
  <testcase classname="tests.DemoTest" name="testing" time="9.755"/>
  <system-out/>
</testsuite> <!-- tests.DemoTest -->
